\BOOKMARK [1][]{section.1}{Soups}{}% 1
\BOOKMARK [2][]{section*.2}{Mushroom Barley Soup}{section.1}% 2
\BOOKMARK [2][]{section*.3}{Red Lentil Soup}{section.1}% 3
\BOOKMARK [2][]{section*.4}{French Onion Soup}{section.1}% 4
\BOOKMARK [1][]{section.2}{Beans}{}% 5
\BOOKMARK [2][]{section*.5}{Classic Black Beans and Rice}{section.2}% 6
\BOOKMARK [1][]{section.3}{Rice}{}% 7
\BOOKMARK [2][]{section*.6}{Vegetable Fried Rice}{section.3}% 8
\BOOKMARK [1][]{section.4}{Pasta}{}% 9
\BOOKMARK [2][]{section*.7}{Penne with Vodka Sauce}{section.4}% 10
\BOOKMARK [2][]{section*.8}{Penne Pasta with Chicken and Pesto}{section.4}% 11
\BOOKMARK [2][]{section*.9}{Lasagne}{section.4}% 12
\BOOKMARK [2][]{section*.10}{Baked Macaroni and Cheese}{section.4}% 13
\BOOKMARK [1][]{section.5}{Salads}{}% 14
\BOOKMARK [2][]{section*.11}{Strawberry and Spinach Salad}{section.5}% 15
\BOOKMARK [1][]{section.6}{Salad Dressings}{}% 16
\BOOKMARK [2][]{section*.12}{Balsamic Vinaigrette}{section.6}% 17
\BOOKMARK [1][]{section.7}{Chicken}{}% 18
\BOOKMARK [2][]{section*.13}{Tangy Chicken}{section.7}% 19
\BOOKMARK [2][]{section*.14}{Chicken with Balsamic Vinegar and Garlic}{section.7}% 20
\BOOKMARK [1][]{section.8}{Side Dishes}{}% 21
\BOOKMARK [2][]{section*.15}{Baked Asparagus}{section.8}% 22
\BOOKMARK [1][]{section.9}{Workouts}{}% 23
\BOOKMARK [2][]{section*.16}{Preworkout Fruit Smoothie}{section.9}% 24
